[05-Nov-2021 10:44:51 UTC] PHP Parse error:  syntax error, unexpected 'array' (T_ARRAY), expecting function (T_FUNCTION) or const (T_CONST) in /home/usalvage/public_html/App/Helpers/MenuHighlighter.php on line 5
[05-Nov-2021 10:45:28 UTC] PHP Parse error:  syntax error, unexpected 'array' (T_ARRAY), expecting function (T_FUNCTION) or const (T_CONST) in /home/usalvage/public_html/App/Helpers/MenuHighlighter.php on line 5
[05-Nov-2021 10:46:03 UTC] PHP Parse error:  syntax error, unexpected 'array' (T_ARRAY), expecting function (T_FUNCTION) or const (T_CONST) in /home/usalvage/public_html/App/Helpers/MenuHighlighter.php on line 5
[05-Nov-2021 10:46:48 UTC] PHP Warning:  require(../Views/includes/HeaderBar.php): failed to open stream: No such file or directory in /home/usalvage/public_html/Views/pages/indexContent.php on line 5
[05-Nov-2021 10:46:48 UTC] PHP Warning:  require(../Views/includes/HeaderBar.php): failed to open stream: No such file or directory in /home/usalvage/public_html/Views/pages/indexContent.php on line 5
[05-Nov-2021 10:46:48 UTC] PHP Fatal error:  require(): Failed opening required '../Views/includes/HeaderBar.php' (include_path='.:/opt/cpanel/ea-php73/root/usr/share/pear') in /home/usalvage/public_html/Views/pages/indexContent.php on line 5
[05-Nov-2021 11:00:07 UTC] PHP Parse error:  syntax error, unexpected 'array' (T_ARRAY), expecting function (T_FUNCTION) or const (T_CONST) in /home/usalvage/public_html/App/Helpers/MenuHighlighter.php on line 5
[05-Nov-2021 11:00:17 UTC] PHP Parse error:  syntax error, unexpected 'array' (T_ARRAY), expecting function (T_FUNCTION) or const (T_CONST) in /home/usalvage/public_html/App/Helpers/MenuHighlighter.php on line 5
[05-Nov-2021 11:00:34 UTC] PHP Parse error:  syntax error, unexpected 'array' (T_ARRAY), expecting function (T_FUNCTION) or const (T_CONST) in /home/usalvage/public_html/App/Helpers/MenuHighlighter.php on line 5
[05-Nov-2021 11:00:42 UTC] PHP Parse error:  syntax error, unexpected 'array' (T_ARRAY), expecting function (T_FUNCTION) or const (T_CONST) in /home/usalvage/public_html/App/Helpers/MenuHighlighter.php on line 5
[05-Nov-2021 11:01:05 UTC] PHP Parse error:  syntax error, unexpected 'array' (T_ARRAY), expecting function (T_FUNCTION) or const (T_CONST) in /home/usalvage/public_html/App/Helpers/MenuHighlighter.php on line 5
[05-Nov-2021 11:01:28 UTC] PHP Fatal error:  Uncaught Error: Class 'App\Helpers\HTMLLoader' not found in /home/usalvage/public_html/Views/pages/services.php:5
Stack trace:
#0 /home/usalvage/public_html/public/index.php(37): require()
#1 {main}
  thrown in /home/usalvage/public_html/Views/pages/services.php on line 5
[05-Nov-2021 11:03:40 UTC] PHP Parse error:  syntax error, unexpected 'array' (T_ARRAY), expecting function (T_FUNCTION) or const (T_CONST) in /home/usalvage/public_html/App/Helpers/MenuHighlighter.php on line 5
[05-Nov-2021 11:06:06 UTC] PHP Parse error:  syntax error, unexpected 'array' (T_ARRAY), expecting function (T_FUNCTION) or const (T_CONST) in /home/usalvage/public_html/App/Helpers/MenuHighlighter.php on line 5
[05-Nov-2021 11:06:50 UTC] PHP Parse error:  syntax error, unexpected 'array' (T_ARRAY), expecting function (T_FUNCTION) or const (T_CONST) in /home/usalvage/public_html/App/Helpers/MenuHighlighter.php on line 5
[05-Nov-2021 11:06:52 UTC] PHP Parse error:  syntax error, unexpected 'array' (T_ARRAY), expecting function (T_FUNCTION) or const (T_CONST) in /home/usalvage/public_html/App/Helpers/MenuHighlighter.php on line 5
[05-Nov-2021 11:08:32 UTC] PHP Parse error:  syntax error, unexpected 'array' (T_ARRAY), expecting function (T_FUNCTION) or const (T_CONST) in /home/usalvage/public_html/App/Helpers/MenuHighlighter.php on line 5
[05-Nov-2021 11:10:25 UTC] PHP Parse error:  syntax error, unexpected 'array' (T_ARRAY), expecting function (T_FUNCTION) or const (T_CONST) in /home/usalvage/public_html/App/Helpers/MenuHighlighter.php on line 5
[05-Nov-2021 11:10:30 UTC] PHP Parse error:  syntax error, unexpected 'array' (T_ARRAY), expecting function (T_FUNCTION) or const (T_CONST) in /home/usalvage/public_html/App/Helpers/MenuHighlighter.php on line 5
[05-Nov-2021 11:11:29 UTC] PHP Parse error:  syntax error, unexpected 'array' (T_ARRAY), expecting function (T_FUNCTION) or const (T_CONST) in /home/usalvage/public_html/App/Helpers/MenuHighlighter.php on line 5
[05-Nov-2021 11:11:37 UTC] PHP Parse error:  syntax error, unexpected 'array' (T_ARRAY), expecting function (T_FUNCTION) or const (T_CONST) in /home/usalvage/public_html/App/Helpers/MenuHighlighter.php on line 5
[05-Nov-2021 11:12:02 UTC] PHP Fatal error:  Uncaught Error: Class 'App\Config\Queries' not found in /home/usalvage/public_html/App/Models/InvestissementModel.php:5
Stack trace:
#0 {main}
  thrown in /home/usalvage/public_html/App/Models/InvestissementModel.php on line 5
[05-Nov-2021 11:12:06 UTC] PHP Fatal error:  Uncaught Error: Class 'App\Config\Queries' not found in /home/usalvage/public_html/App/Models/InvestissementModel.php:5
Stack trace:
#0 {main}
  thrown in /home/usalvage/public_html/App/Models/InvestissementModel.php on line 5
[05-Nov-2021 11:12:58 UTC] PHP Parse error:  syntax error, unexpected 'array' (T_ARRAY), expecting function (T_FUNCTION) or const (T_CONST) in /home/usalvage/public_html/App/Helpers/MenuHighlighter.php on line 5
[05-Nov-2021 11:13:04 UTC] PHP Parse error:  syntax error, unexpected 'array' (T_ARRAY), expecting function (T_FUNCTION) or const (T_CONST) in /home/usalvage/public_html/App/Helpers/MenuHighlighter.php on line 5
[05-Nov-2021 11:14:40 UTC] PHP Fatal error:  Uncaught Error: Class 'App\Config\Queries' not found in /home/usalvage/public_html/App/Models/InvestissementModel.php:5
Stack trace:
#0 {main}
  thrown in /home/usalvage/public_html/App/Models/InvestissementModel.php on line 5
[05-Nov-2021 11:14:51 UTC] PHP Fatal error:  Uncaught Error: Class 'App\Config\Queries' not found in /home/usalvage/public_html/App/Models/InvestissementModel.php:5
Stack trace:
#0 {main}
  thrown in /home/usalvage/public_html/App/Models/InvestissementModel.php on line 5
[05-Nov-2021 11:14:52 UTC] PHP Fatal error:  Uncaught Error: Class 'App\Config\Queries' not found in /home/usalvage/public_html/App/Models/InvestissementModel.php:5
Stack trace:
#0 {main}
  thrown in /home/usalvage/public_html/App/Models/InvestissementModel.php on line 5
[05-Nov-2021 11:15:11 UTC] PHP Parse error:  syntax error, unexpected 'array' (T_ARRAY), expecting function (T_FUNCTION) or const (T_CONST) in /home/usalvage/public_html/App/Helpers/MenuHighlighter.php on line 5
[05-Nov-2021 18:58:17 UTC] PHP Fatal error:  Uncaught Error: Class 'App\Helpers\HTMLLoader' not found in /home/usalvage/public_html/Views/pages/services.php:5
Stack trace:
#0 /home/usalvage/public_html/public/index.php(37): require()
#1 {main}
  thrown in /home/usalvage/public_html/Views/pages/services.php on line 5
[05-Nov-2021 18:59:34 UTC] PHP Fatal error:  Uncaught Error: Class 'App\Helpers\HTMLLoader' not found in /home/usalvage/public_html/Views/pages/services.php:5
Stack trace:
#0 /home/usalvage/public_html/public/index.php(37): require()
#1 {main}
  thrown in /home/usalvage/public_html/Views/pages/services.php on line 5
[06-Nov-2021 10:41:07 UTC] PHP Fatal error:  Uncaught Error: Class 'App\Helpers\HTMLLoader' not found in /home/usalvage/public_html/Views/pages/products.php:5
Stack trace:
#0 /home/usalvage/public_html/public/index.php(34): require()
#1 {main}
  thrown in /home/usalvage/public_html/Views/pages/products.php on line 5
[07-Nov-2021 07:23:16 UTC] PHP Fatal error:  Uncaught Error: Class 'App\Helpers\HTMLLoader' not found in /home/usalvage/public_html/Views/pages/services.php:5
Stack trace:
#0 /home/usalvage/public_html/public/index.php(37): require()
#1 {main}
  thrown in /home/usalvage/public_html/Views/pages/services.php on line 5
[07-Nov-2021 07:23:20 UTC] PHP Fatal error:  Uncaught Error: Class 'App\Helpers\HTMLLoader' not found in /home/usalvage/public_html/Views/pages/services.php:5
Stack trace:
#0 /home/usalvage/public_html/public/index.php(37): require()
#1 {main}
  thrown in /home/usalvage/public_html/Views/pages/services.php on line 5
[07-Nov-2021 16:40:34 UTC] PHP Fatal error:  Uncaught Error: Class 'App\Helpers\HTMLLoader' not found in /home/usalvage/public_html/Views/pages/services.php:5
Stack trace:
#0 /home/usalvage/public_html/public/index.php(37): require()
#1 {main}
  thrown in /home/usalvage/public_html/Views/pages/services.php on line 5
[07-Nov-2021 16:41:58 UTC] PHP Fatal error:  Uncaught Error: Class 'App\Helpers\HTMLLoader' not found in /home/usalvage/public_html/Views/pages/services.php:5
Stack trace:
#0 /home/usalvage/public_html/public/index.php(37): require()
#1 {main}
  thrown in /home/usalvage/public_html/Views/pages/services.php on line 5
[08-Nov-2021 02:45:30 UTC] PHP Fatal error:  Uncaught Error: Class 'App\Helpers\HTMLLoader' not found in /home/usalvage/public_html/Views/pages/services.php:5
Stack trace:
#0 /home/usalvage/public_html/public/index.php(37): require()
#1 {main}
  thrown in /home/usalvage/public_html/Views/pages/services.php on line 5
[08-Nov-2021 18:05:34 UTC] PHP Fatal error:  Uncaught Error: Class 'App\Helpers\HTMLLoader' not found in /home/usalvage/public_html/Views/pages/products.php:5
Stack trace:
#0 /home/usalvage/public_html/public/index.php(34): require()
#1 {main}
  thrown in /home/usalvage/public_html/Views/pages/products.php on line 5
[08-Nov-2021 18:05:41 UTC] PHP Fatal error:  Uncaught Error: Class 'App\Helpers\HTMLLoader' not found in /home/usalvage/public_html/Views/pages/services.php:5
Stack trace:
#0 /home/usalvage/public_html/public/index.php(37): require()
#1 {main}
  thrown in /home/usalvage/public_html/Views/pages/services.php on line 5
[08-Nov-2021 19:38:45 UTC] PHP Fatal error:  Uncaught Error: Class 'App\Helpers\HTMLLoader' not found in /home/usalvage/public_html/Views/pages/products.php:5
Stack trace:
#0 /home/usalvage/public_html/public/index.php(34): require()
#1 {main}
  thrown in /home/usalvage/public_html/Views/pages/products.php on line 5
[08-Nov-2021 19:47:05 UTC] PHP Fatal error:  Uncaught Error: Class 'App\Helpers\HTMLLoader' not found in /home/usalvage/public_html/Views/pages/services.php:5
Stack trace:
#0 /home/usalvage/public_html/public/index.php(37): require()
#1 {main}
  thrown in /home/usalvage/public_html/Views/pages/services.php on line 5
[09-Nov-2021 04:34:59 UTC] PHP Fatal error:  Uncaught Error: Class 'App\Helpers\HTMLLoader' not found in /home/usalvage/public_html/Views/pages/services.php:5
Stack trace:
#0 /home/usalvage/public_html/public/index.php(37): require()
#1 {main}
  thrown in /home/usalvage/public_html/Views/pages/services.php on line 5
[09-Nov-2021 10:12:12 UTC] PHP Fatal error:  Uncaught Error: Class 'App\Helpers\HTMLLoader' not found in /home/usalvage/public_html/Views/pages/products.php:5
Stack trace:
#0 /home/usalvage/public_html/public/index.php(34): require()
#1 {main}
  thrown in /home/usalvage/public_html/Views/pages/products.php on line 5
[10-Nov-2021 00:47:00 UTC] PHP Fatal error:  Uncaught Error: Class 'App\Helpers\HTMLLoader' not found in /home/usalvage/public_html/Views/pages/products.php:5
Stack trace:
#0 /home/usalvage/public_html/public/index.php(34): require()
#1 {main}
  thrown in /home/usalvage/public_html/Views/pages/products.php on line 5
[10-Nov-2021 00:47:03 UTC] PHP Fatal error:  Uncaught Error: Class 'App\Helpers\HTMLLoader' not found in /home/usalvage/public_html/Views/pages/services.php:5
Stack trace:
#0 /home/usalvage/public_html/public/index.php(37): require()
#1 {main}
  thrown in /home/usalvage/public_html/Views/pages/services.php on line 5
[16-Nov-2021 01:12:37 UTC] PHP Fatal error:  Uncaught Error: Class 'App\Helpers\HTMLLoader' not found in /home/usalvage/public_html/Views/pages/services.php:5
Stack trace:
#0 /home/usalvage/public_html/public/index.php(37): require()
#1 {main}
  thrown in /home/usalvage/public_html/Views/pages/services.php on line 5
[21-Nov-2021 10:03:22 UTC] PHP Fatal error:  Uncaught Error: Class 'App\Helpers\HTMLLoader' not found in /home/usalvage/public_html/Views/pages/services.php:5
Stack trace:
#0 /home/usalvage/public_html/public/index.php(37): require()
#1 {main}
  thrown in /home/usalvage/public_html/Views/pages/services.php on line 5
[21-Nov-2021 10:03:36 UTC] PHP Fatal error:  Uncaught Error: Class 'App\Helpers\HTMLLoader' not found in /home/usalvage/public_html/Views/pages/products.php:5
Stack trace:
#0 /home/usalvage/public_html/public/index.php(34): require()
#1 {main}
  thrown in /home/usalvage/public_html/Views/pages/products.php on line 5
[21-Nov-2021 10:03:40 UTC] PHP Fatal error:  Uncaught Error: Class 'App\Helpers\HTMLLoader' not found in /home/usalvage/public_html/Views/pages/services.php:5
Stack trace:
#0 /home/usalvage/public_html/public/index.php(37): require()
#1 {main}
  thrown in /home/usalvage/public_html/Views/pages/services.php on line 5
[21-Nov-2021 10:03:50 UTC] PHP Fatal error:  Uncaught Error: Class 'App\Helpers\HTMLLoader' not found in /home/usalvage/public_html/Views/pages/products.php:5
Stack trace:
#0 /home/usalvage/public_html/public/index.php(34): require()
#1 {main}
  thrown in /home/usalvage/public_html/Views/pages/products.php on line 5
[22-Nov-2021 23:00:55 UTC] PHP Fatal error:  Uncaught Error: Class 'App\Helpers\HTMLLoader' not found in /home/usalvage/public_html/Views/pages/products.php:5
Stack trace:
#0 /home/usalvage/public_html/public/index.php(34): require()
#1 {main}
  thrown in /home/usalvage/public_html/Views/pages/products.php on line 5
[26-Nov-2021 17:02:31 UTC] PHP Warning:  include(../Autoloader.php): failed to open stream: No such file or directory in /home/usalvage/public_html/public/index.php on line 4
[26-Nov-2021 17:02:31 UTC] PHP Warning:  include(../Autoloader.php): failed to open stream: No such file or directory in /home/usalvage/public_html/public/index.php on line 4
[26-Nov-2021 17:02:31 UTC] PHP Warning:  include(): Failed opening '../Autoloader.php' for inclusion (include_path='.:/opt/cpanel/ea-php73/root/usr/share/pear') in /home/usalvage/public_html/public/index.php on line 4
[26-Nov-2021 17:02:31 UTC] PHP Fatal error:  Uncaught Error: Class 'Root\Autoloader' not found in /home/usalvage/public_html/public/index.php:5
Stack trace:
#0 {main}
  thrown in /home/usalvage/public_html/public/index.php on line 5
[27-Nov-2021 05:05:09 UTC] PHP Warning:  Invalid argument supplied for foreach() in /home/usalvage/public_html/routes/Router.php on line 48
[29-Nov-2021 05:05:11 UTC] PHP Warning:  Invalid argument supplied for foreach() in /home/usalvage/public_html/routes/Router.php on line 48
[01-Dec-2021 05:05:11 UTC] PHP Warning:  Invalid argument supplied for foreach() in /home/usalvage/public_html/routes/Router.php on line 48
[02-Dec-2021 14:40:35 UTC] PHP Warning:  Invalid argument supplied for foreach() in /home/usalvage/public_html/routes/Router.php on line 48
[02-Dec-2021 17:42:06 UTC] PHP Warning:  require(/home/usalvage/public_html/Views/pages/register.php): failed to open stream: No such file or directory in /home/usalvage/public_html/App/Controllers/Controller.php on line 11
[02-Dec-2021 17:42:06 UTC] PHP Warning:  require(/home/usalvage/public_html/Views/pages/register.php): failed to open stream: No such file or directory in /home/usalvage/public_html/App/Controllers/Controller.php on line 11
[02-Dec-2021 17:42:06 UTC] PHP Fatal error:  require(): Failed opening required '/home/usalvage/public_html/Views/pages/register.php' (include_path='.:/opt/cpanel/ea-php73/root/usr/share/pear') in /home/usalvage/public_html/App/Controllers/Controller.php on line 11
[02-Dec-2021 17:42:23 UTC] PHP Warning:  require(/home/usalvage/public_html/Views/pages/register.php): failed to open stream: No such file or directory in /home/usalvage/public_html/App/Controllers/Controller.php on line 11
[02-Dec-2021 17:42:23 UTC] PHP Warning:  require(/home/usalvage/public_html/Views/pages/register.php): failed to open stream: No such file or directory in /home/usalvage/public_html/App/Controllers/Controller.php on line 11
[02-Dec-2021 17:42:23 UTC] PHP Fatal error:  require(): Failed opening required '/home/usalvage/public_html/Views/pages/register.php' (include_path='.:/opt/cpanel/ea-php73/root/usr/share/pear') in /home/usalvage/public_html/App/Controllers/Controller.php on line 11
[02-Dec-2021 17:42:35 UTC] PHP Warning:  require(/home/usalvage/public_html/Views/pages/register.php): failed to open stream: No such file or directory in /home/usalvage/public_html/App/Controllers/Controller.php on line 11
[02-Dec-2021 17:42:35 UTC] PHP Warning:  require(/home/usalvage/public_html/Views/pages/register.php): failed to open stream: No such file or directory in /home/usalvage/public_html/App/Controllers/Controller.php on line 11
[02-Dec-2021 17:42:35 UTC] PHP Fatal error:  require(): Failed opening required '/home/usalvage/public_html/Views/pages/register.php' (include_path='.:/opt/cpanel/ea-php73/root/usr/share/pear') in /home/usalvage/public_html/App/Controllers/Controller.php on line 11
[02-Dec-2021 17:43:01 UTC] PHP Warning:  require(/home/usalvage/public_html/Views/pages/register.php): failed to open stream: No such file or directory in /home/usalvage/public_html/App/Controllers/Controller.php on line 11
[02-Dec-2021 17:43:01 UTC] PHP Warning:  require(/home/usalvage/public_html/Views/pages/register.php): failed to open stream: No such file or directory in /home/usalvage/public_html/App/Controllers/Controller.php on line 11
[02-Dec-2021 17:43:01 UTC] PHP Fatal error:  require(): Failed opening required '/home/usalvage/public_html/Views/pages/register.php' (include_path='.:/opt/cpanel/ea-php73/root/usr/share/pear') in /home/usalvage/public_html/App/Controllers/Controller.php on line 11
[03-Dec-2021 05:05:10 UTC] PHP Warning:  Invalid argument supplied for foreach() in /home/usalvage/public_html/routes/Router.php on line 48
[03-Dec-2021 09:35:19 UTC] PHP Warning:  require(/home/usalvage/public_html/Views/pages/register.php): failed to open stream: No such file or directory in /home/usalvage/public_html/App/Controllers/Controller.php on line 11
[03-Dec-2021 09:35:19 UTC] PHP Warning:  require(/home/usalvage/public_html/Views/pages/register.php): failed to open stream: No such file or directory in /home/usalvage/public_html/App/Controllers/Controller.php on line 11
[03-Dec-2021 09:35:19 UTC] PHP Fatal error:  require(): Failed opening required '/home/usalvage/public_html/Views/pages/register.php' (include_path='.:/opt/cpanel/ea-php73/root/usr/share/pear') in /home/usalvage/public_html/App/Controllers/Controller.php on line 11
[03-Dec-2021 09:35:24 UTC] PHP Warning:  require(/home/usalvage/public_html/Views/pages/register.php): failed to open stream: No such file or directory in /home/usalvage/public_html/App/Controllers/Controller.php on line 11
[03-Dec-2021 09:35:24 UTC] PHP Warning:  require(/home/usalvage/public_html/Views/pages/register.php): failed to open stream: No such file or directory in /home/usalvage/public_html/App/Controllers/Controller.php on line 11
[03-Dec-2021 09:35:24 UTC] PHP Fatal error:  require(): Failed opening required '/home/usalvage/public_html/Views/pages/register.php' (include_path='.:/opt/cpanel/ea-php73/root/usr/share/pear') in /home/usalvage/public_html/App/Controllers/Controller.php on line 11
[03-Dec-2021 09:35:29 UTC] PHP Warning:  require(/home/usalvage/public_html/Views/pages/register.php): failed to open stream: No such file or directory in /home/usalvage/public_html/App/Controllers/Controller.php on line 11
[03-Dec-2021 09:35:29 UTC] PHP Warning:  require(/home/usalvage/public_html/Views/pages/register.php): failed to open stream: No such file or directory in /home/usalvage/public_html/App/Controllers/Controller.php on line 11
[03-Dec-2021 09:35:29 UTC] PHP Fatal error:  require(): Failed opening required '/home/usalvage/public_html/Views/pages/register.php' (include_path='.:/opt/cpanel/ea-php73/root/usr/share/pear') in /home/usalvage/public_html/App/Controllers/Controller.php on line 11
[04-Dec-2021 05:45:52 UTC] PHP Warning:  require(/home/usalvage/public_html/Views/pages/register.php): failed to open stream: No such file or directory in /home/usalvage/public_html/App/Controllers/Controller.php on line 11
[04-Dec-2021 05:45:52 UTC] PHP Warning:  require(/home/usalvage/public_html/Views/pages/register.php): failed to open stream: No such file or directory in /home/usalvage/public_html/App/Controllers/Controller.php on line 11
[04-Dec-2021 05:45:52 UTC] PHP Fatal error:  require(): Failed opening required '/home/usalvage/public_html/Views/pages/register.php' (include_path='.:/opt/cpanel/ea-php73/root/usr/share/pear') in /home/usalvage/public_html/App/Controllers/Controller.php on line 11
[04-Dec-2021 05:46:11 UTC] PHP Warning:  require(/home/usalvage/public_html/Views/pages/register.php): failed to open stream: No such file or directory in /home/usalvage/public_html/App/Controllers/Controller.php on line 11
[04-Dec-2021 05:46:11 UTC] PHP Warning:  require(/home/usalvage/public_html/Views/pages/register.php): failed to open stream: No such file or directory in /home/usalvage/public_html/App/Controllers/Controller.php on line 11
[04-Dec-2021 05:46:11 UTC] PHP Fatal error:  require(): Failed opening required '/home/usalvage/public_html/Views/pages/register.php' (include_path='.:/opt/cpanel/ea-php73/root/usr/share/pear') in /home/usalvage/public_html/App/Controllers/Controller.php on line 11
[04-Dec-2021 05:46:14 UTC] PHP Warning:  require(/home/usalvage/public_html/Views/pages/register.php): failed to open stream: No such file or directory in /home/usalvage/public_html/App/Controllers/Controller.php on line 11
[04-Dec-2021 05:46:14 UTC] PHP Warning:  require(/home/usalvage/public_html/Views/pages/register.php): failed to open stream: No such file or directory in /home/usalvage/public_html/App/Controllers/Controller.php on line 11
[04-Dec-2021 05:46:14 UTC] PHP Fatal error:  require(): Failed opening required '/home/usalvage/public_html/Views/pages/register.php' (include_path='.:/opt/cpanel/ea-php73/root/usr/share/pear') in /home/usalvage/public_html/App/Controllers/Controller.php on line 11
[04-Dec-2021 05:46:30 UTC] PHP Warning:  require(/home/usalvage/public_html/Views/pages/register.php): failed to open stream: No such file or directory in /home/usalvage/public_html/App/Controllers/Controller.php on line 11
[04-Dec-2021 05:46:30 UTC] PHP Warning:  require(/home/usalvage/public_html/Views/pages/register.php): failed to open stream: No such file or directory in /home/usalvage/public_html/App/Controllers/Controller.php on line 11
[04-Dec-2021 05:46:30 UTC] PHP Fatal error:  require(): Failed opening required '/home/usalvage/public_html/Views/pages/register.php' (include_path='.:/opt/cpanel/ea-php73/root/usr/share/pear') in /home/usalvage/public_html/App/Controllers/Controller.php on line 11
[05-Dec-2021 05:05:12 UTC] PHP Warning:  Invalid argument supplied for foreach() in /home/usalvage/public_html/routes/Router.php on line 48
[05-Dec-2021 11:08:32 UTC] PHP Warning:  require(/home/usalvage/public_html/Views/pages/register.php): failed to open stream: No such file or directory in /home/usalvage/public_html/App/Controllers/Controller.php on line 11
[05-Dec-2021 11:08:32 UTC] PHP Warning:  require(/home/usalvage/public_html/Views/pages/register.php): failed to open stream: No such file or directory in /home/usalvage/public_html/App/Controllers/Controller.php on line 11
[05-Dec-2021 11:08:32 UTC] PHP Fatal error:  require(): Failed opening required '/home/usalvage/public_html/Views/pages/register.php' (include_path='.:/opt/cpanel/ea-php73/root/usr/share/pear') in /home/usalvage/public_html/App/Controllers/Controller.php on line 11
[07-Dec-2021 00:57:19 UTC] PHP Warning:  require(/home/usalvage/public_html/Views/pages/register.php): failed to open stream: No such file or directory in /home/usalvage/public_html/App/Controllers/Controller.php on line 11
[07-Dec-2021 00:57:19 UTC] PHP Warning:  require(/home/usalvage/public_html/Views/pages/register.php): failed to open stream: No such file or directory in /home/usalvage/public_html/App/Controllers/Controller.php on line 11
[07-Dec-2021 00:57:19 UTC] PHP Fatal error:  require(): Failed opening required '/home/usalvage/public_html/Views/pages/register.php' (include_path='.:/opt/cpanel/ea-php73/root/usr/share/pear') in /home/usalvage/public_html/App/Controllers/Controller.php on line 11
[07-Dec-2021 05:05:10 UTC] PHP Warning:  Invalid argument supplied for foreach() in /home/usalvage/public_html/routes/Router.php on line 48
[08-Dec-2021 05:25:37 UTC] PHP Warning:  require(/home/usalvage/public_html/Views/pages/register.php): failed to open stream: No such file or directory in /home/usalvage/public_html/App/Controllers/Controller.php on line 11
[08-Dec-2021 05:25:37 UTC] PHP Warning:  require(/home/usalvage/public_html/Views/pages/register.php): failed to open stream: No such file or directory in /home/usalvage/public_html/App/Controllers/Controller.php on line 11
[08-Dec-2021 05:25:37 UTC] PHP Fatal error:  require(): Failed opening required '/home/usalvage/public_html/Views/pages/register.php' (include_path='.:/opt/cpanel/ea-php73/root/usr/share/pear') in /home/usalvage/public_html/App/Controllers/Controller.php on line 11
[08-Dec-2021 16:11:20 UTC] PHP Warning:  require(/home/usalvage/public_html/Views/pages/register.php): failed to open stream: No such file or directory in /home/usalvage/public_html/App/Controllers/Controller.php on line 11
[08-Dec-2021 16:11:20 UTC] PHP Warning:  require(/home/usalvage/public_html/Views/pages/register.php): failed to open stream: No such file or directory in /home/usalvage/public_html/App/Controllers/Controller.php on line 11
[08-Dec-2021 16:11:20 UTC] PHP Fatal error:  require(): Failed opening required '/home/usalvage/public_html/Views/pages/register.php' (include_path='.:/opt/cpanel/ea-php73/root/usr/share/pear') in /home/usalvage/public_html/App/Controllers/Controller.php on line 11
[08-Dec-2021 19:43:42 UTC] PHP Warning:  require(/home/usalvage/public_html/Views/pages/register.php): failed to open stream: No such file or directory in /home/usalvage/public_html/App/Controllers/Controller.php on line 11
[08-Dec-2021 19:43:42 UTC] PHP Warning:  require(/home/usalvage/public_html/Views/pages/register.php): failed to open stream: No such file or directory in /home/usalvage/public_html/App/Controllers/Controller.php on line 11
[08-Dec-2021 19:43:42 UTC] PHP Fatal error:  require(): Failed opening required '/home/usalvage/public_html/Views/pages/register.php' (include_path='.:/opt/cpanel/ea-php73/root/usr/share/pear') in /home/usalvage/public_html/App/Controllers/Controller.php on line 11
[08-Dec-2021 19:43:52 UTC] PHP Warning:  require(/home/usalvage/public_html/Views/pages/register.php): failed to open stream: No such file or directory in /home/usalvage/public_html/App/Controllers/Controller.php on line 11
[08-Dec-2021 19:43:52 UTC] PHP Warning:  require(/home/usalvage/public_html/Views/pages/register.php): failed to open stream: No such file or directory in /home/usalvage/public_html/App/Controllers/Controller.php on line 11
[08-Dec-2021 19:43:52 UTC] PHP Fatal error:  require(): Failed opening required '/home/usalvage/public_html/Views/pages/register.php' (include_path='.:/opt/cpanel/ea-php73/root/usr/share/pear') in /home/usalvage/public_html/App/Controllers/Controller.php on line 11
[08-Dec-2021 19:48:15 UTC] PHP Warning:  require(/home/usalvage/public_html/Views/pages/register.php): failed to open stream: No such file or directory in /home/usalvage/public_html/App/Controllers/Controller.php on line 11
[08-Dec-2021 19:48:15 UTC] PHP Warning:  require(/home/usalvage/public_html/Views/pages/register.php): failed to open stream: No such file or directory in /home/usalvage/public_html/App/Controllers/Controller.php on line 11
[08-Dec-2021 19:48:15 UTC] PHP Fatal error:  require(): Failed opening required '/home/usalvage/public_html/Views/pages/register.php' (include_path='.:/opt/cpanel/ea-php73/root/usr/share/pear') in /home/usalvage/public_html/App/Controllers/Controller.php on line 11
[09-Dec-2021 05:05:10 UTC] PHP Warning:  Invalid argument supplied for foreach() in /home/usalvage/public_html/routes/Router.php on line 48
[09-Dec-2021 19:06:33 UTC] PHP Warning:  Invalid argument supplied for foreach() in /home/usalvage/public_html/routes/Router.php on line 48
[10-Dec-2021 10:11:46 UTC] PHP Warning:  require(/home/usalvage/public_html/Views/pages/register.php): failed to open stream: No such file or directory in /home/usalvage/public_html/App/Controllers/Controller.php on line 11
[10-Dec-2021 10:11:46 UTC] PHP Warning:  require(/home/usalvage/public_html/Views/pages/register.php): failed to open stream: No such file or directory in /home/usalvage/public_html/App/Controllers/Controller.php on line 11
[10-Dec-2021 10:11:46 UTC] PHP Fatal error:  require(): Failed opening required '/home/usalvage/public_html/Views/pages/register.php' (include_path='.:/opt/cpanel/ea-php73/root/usr/share/pear') in /home/usalvage/public_html/App/Controllers/Controller.php on line 11
[10-Dec-2021 10:17:21 UTC] PHP Warning:  require(/home/usalvage/public_html/Views/pages/register.php): failed to open stream: No such file or directory in /home/usalvage/public_html/App/Controllers/Controller.php on line 11
[10-Dec-2021 10:17:21 UTC] PHP Warning:  require(/home/usalvage/public_html/Views/pages/register.php): failed to open stream: No such file or directory in /home/usalvage/public_html/App/Controllers/Controller.php on line 11
[10-Dec-2021 10:17:21 UTC] PHP Fatal error:  require(): Failed opening required '/home/usalvage/public_html/Views/pages/register.php' (include_path='.:/opt/cpanel/ea-php73/root/usr/share/pear') in /home/usalvage/public_html/App/Controllers/Controller.php on line 11
[10-Dec-2021 10:19:03 UTC] PHP Warning:  require(/home/usalvage/public_html/Views/pages/register.php): failed to open stream: No such file or directory in /home/usalvage/public_html/App/Controllers/Controller.php on line 11
[10-Dec-2021 10:19:03 UTC] PHP Warning:  require(/home/usalvage/public_html/Views/pages/register.php): failed to open stream: No such file or directory in /home/usalvage/public_html/App/Controllers/Controller.php on line 11
[10-Dec-2021 10:19:03 UTC] PHP Fatal error:  require(): Failed opening required '/home/usalvage/public_html/Views/pages/register.php' (include_path='.:/opt/cpanel/ea-php73/root/usr/share/pear') in /home/usalvage/public_html/App/Controllers/Controller.php on line 11
[11-Dec-2021 05:05:10 UTC] PHP Warning:  Invalid argument supplied for foreach() in /home/usalvage/public_html/routes/Router.php on line 48
[13-Dec-2021 05:05:08 UTC] PHP Warning:  Invalid argument supplied for foreach() in /home/usalvage/public_html/routes/Router.php on line 48
[15-Dec-2021 05:05:10 UTC] PHP Warning:  Invalid argument supplied for foreach() in /home/usalvage/public_html/routes/Router.php on line 48
[17-Dec-2021 20:45:06 UTC] PHP Warning:  Invalid argument supplied for foreach() in /home/usalvage/public_html/routes/Router.php on line 48
[17-Dec-2021 20:45:06 UTC] PHP Warning:  Invalid argument supplied for foreach() in /home/usalvage/public_html/routes/Router.php on line 48
[17-Dec-2021 20:45:07 UTC] PHP Warning:  Invalid argument supplied for foreach() in /home/usalvage/public_html/routes/Router.php on line 48
[17-Dec-2021 20:45:07 UTC] PHP Warning:  Invalid argument supplied for foreach() in /home/usalvage/public_html/routes/Router.php on line 48
[17-Dec-2021 20:45:08 UTC] PHP Warning:  Invalid argument supplied for foreach() in /home/usalvage/public_html/routes/Router.php on line 48
[17-Dec-2021 20:45:08 UTC] PHP Warning:  Invalid argument supplied for foreach() in /home/usalvage/public_html/routes/Router.php on line 48
[17-Dec-2021 20:45:09 UTC] PHP Warning:  Invalid argument supplied for foreach() in /home/usalvage/public_html/routes/Router.php on line 48
[17-Dec-2021 20:45:09 UTC] PHP Warning:  Invalid argument supplied for foreach() in /home/usalvage/public_html/routes/Router.php on line 48
[21-Dec-2021 17:17:00 UTC] PHP Warning:  require(/home/usalvage/public_html/Views/pages/register.php): failed to open stream: No such file or directory in /home/usalvage/public_html/App/Controllers/Controller.php on line 11
[21-Dec-2021 17:17:00 UTC] PHP Warning:  require(/home/usalvage/public_html/Views/pages/register.php): failed to open stream: No such file or directory in /home/usalvage/public_html/App/Controllers/Controller.php on line 11
[21-Dec-2021 17:17:00 UTC] PHP Fatal error:  require(): Failed opening required '/home/usalvage/public_html/Views/pages/register.php' (include_path='.:/opt/cpanel/ea-php73/root/usr/share/pear') in /home/usalvage/public_html/App/Controllers/Controller.php on line 11
[21-Dec-2021 17:17:03 UTC] PHP Warning:  require(/home/usalvage/public_html/Views/pages/register.php): failed to open stream: No such file or directory in /home/usalvage/public_html/App/Controllers/Controller.php on line 11
[21-Dec-2021 17:17:03 UTC] PHP Warning:  require(/home/usalvage/public_html/Views/pages/register.php): failed to open stream: No such file or directory in /home/usalvage/public_html/App/Controllers/Controller.php on line 11
[21-Dec-2021 17:17:03 UTC] PHP Fatal error:  require(): Failed opening required '/home/usalvage/public_html/Views/pages/register.php' (include_path='.:/opt/cpanel/ea-php73/root/usr/share/pear') in /home/usalvage/public_html/App/Controllers/Controller.php on line 11
[21-Dec-2021 20:55:27 UTC] PHP Warning:  Invalid argument supplied for foreach() in /home/usalvage/public_html/routes/Router.php on line 48
[22-Dec-2021 05:05:42 UTC] PHP Warning:  Invalid argument supplied for foreach() in /home/usalvage/public_html/routes/Router.php on line 48
[23-Dec-2021 00:05:24 UTC] PHP Warning:  Invalid argument supplied for foreach() in /home/usalvage/public_html/routes/Router.php on line 48
[23-Dec-2021 00:18:20 UTC] PHP Warning:  Invalid argument supplied for foreach() in /home/usalvage/public_html/routes/Router.php on line 48
[23-Dec-2021 05:22:09 UTC] PHP Warning:  require(/home/usalvage/public_html/Views/pages/register.php): failed to open stream: No such file or directory in /home/usalvage/public_html/App/Controllers/Controller.php on line 11
[23-Dec-2021 05:22:09 UTC] PHP Warning:  require(/home/usalvage/public_html/Views/pages/register.php): failed to open stream: No such file or directory in /home/usalvage/public_html/App/Controllers/Controller.php on line 11
[23-Dec-2021 05:22:09 UTC] PHP Fatal error:  require(): Failed opening required '/home/usalvage/public_html/Views/pages/register.php' (include_path='.:/opt/cpanel/ea-php73/root/usr/share/pear') in /home/usalvage/public_html/App/Controllers/Controller.php on line 11
[23-Dec-2021 05:47:54 UTC] PHP Warning:  require(/home/usalvage/public_html/Views/pages/register.php): failed to open stream: No such file or directory in /home/usalvage/public_html/App/Controllers/Controller.php on line 11
[23-Dec-2021 05:47:54 UTC] PHP Warning:  require(/home/usalvage/public_html/Views/pages/register.php): failed to open stream: No such file or directory in /home/usalvage/public_html/App/Controllers/Controller.php on line 11
[23-Dec-2021 05:47:54 UTC] PHP Fatal error:  require(): Failed opening required '/home/usalvage/public_html/Views/pages/register.php' (include_path='.:/opt/cpanel/ea-php73/root/usr/share/pear') in /home/usalvage/public_html/App/Controllers/Controller.php on line 11
[24-Dec-2021 05:05:40 UTC] PHP Warning:  Invalid argument supplied for foreach() in /home/usalvage/public_html/routes/Router.php on line 48
[26-Dec-2021 05:05:12 UTC] PHP Warning:  Invalid argument supplied for foreach() in /home/usalvage/public_html/routes/Router.php on line 48
[26-Dec-2021 08:03:14 UTC] PHP Warning:  require(/home/usalvage/public_html/Views/pages/register.php): failed to open stream: No such file or directory in /home/usalvage/public_html/App/Controllers/Controller.php on line 11
[26-Dec-2021 08:03:14 UTC] PHP Warning:  require(/home/usalvage/public_html/Views/pages/register.php): failed to open stream: No such file or directory in /home/usalvage/public_html/App/Controllers/Controller.php on line 11
[26-Dec-2021 08:03:14 UTC] PHP Fatal error:  require(): Failed opening required '/home/usalvage/public_html/Views/pages/register.php' (include_path='.:/opt/cpanel/ea-php73/root/usr/share/pear') in /home/usalvage/public_html/App/Controllers/Controller.php on line 11
[26-Dec-2021 08:04:34 UTC] PHP Warning:  require(/home/usalvage/public_html/Views/pages/register.php): failed to open stream: No such file or directory in /home/usalvage/public_html/App/Controllers/Controller.php on line 11
[26-Dec-2021 08:04:34 UTC] PHP Warning:  require(/home/usalvage/public_html/Views/pages/register.php): failed to open stream: No such file or directory in /home/usalvage/public_html/App/Controllers/Controller.php on line 11
[26-Dec-2021 08:04:34 UTC] PHP Fatal error:  require(): Failed opening required '/home/usalvage/public_html/Views/pages/register.php' (include_path='.:/opt/cpanel/ea-php73/root/usr/share/pear') in /home/usalvage/public_html/App/Controllers/Controller.php on line 11
[27-Dec-2021 07:50:25 UTC] PHP Warning:  require(/home/usalvage/public_html/Views/pages/register.php): failed to open stream: No such file or directory in /home/usalvage/public_html/App/Controllers/Controller.php on line 11
[27-Dec-2021 07:50:25 UTC] PHP Warning:  require(/home/usalvage/public_html/Views/pages/register.php): failed to open stream: No such file or directory in /home/usalvage/public_html/App/Controllers/Controller.php on line 11
[27-Dec-2021 07:50:25 UTC] PHP Fatal error:  require(): Failed opening required '/home/usalvage/public_html/Views/pages/register.php' (include_path='.:/opt/cpanel/ea-php73/root/usr/share/pear') in /home/usalvage/public_html/App/Controllers/Controller.php on line 11
[27-Dec-2021 12:50:36 UTC] PHP Warning:  require(/home/usalvage/public_html/Views/pages/register.php): failed to open stream: No such file or directory in /home/usalvage/public_html/App/Controllers/Controller.php on line 11
[27-Dec-2021 12:50:36 UTC] PHP Warning:  require(/home/usalvage/public_html/Views/pages/register.php): failed to open stream: No such file or directory in /home/usalvage/public_html/App/Controllers/Controller.php on line 11
[27-Dec-2021 12:50:36 UTC] PHP Fatal error:  require(): Failed opening required '/home/usalvage/public_html/Views/pages/register.php' (include_path='.:/opt/cpanel/ea-php73/root/usr/share/pear') in /home/usalvage/public_html/App/Controllers/Controller.php on line 11
[28-Dec-2021 05:05:44 UTC] PHP Warning:  Invalid argument supplied for foreach() in /home/usalvage/public_html/routes/Router.php on line 48
[29-Dec-2021 03:34:37 UTC] PHP Warning:  require(/home/usalvage/public_html/Views/pages/register.php): failed to open stream: No such file or directory in /home/usalvage/public_html/App/Controllers/Controller.php on line 11
[29-Dec-2021 03:34:37 UTC] PHP Warning:  require(/home/usalvage/public_html/Views/pages/register.php): failed to open stream: No such file or directory in /home/usalvage/public_html/App/Controllers/Controller.php on line 11
[29-Dec-2021 03:34:37 UTC] PHP Fatal error:  require(): Failed opening required '/home/usalvage/public_html/Views/pages/register.php' (include_path='.:/opt/cpanel/ea-php73/root/usr/share/pear') in /home/usalvage/public_html/App/Controllers/Controller.php on line 11
[29-Dec-2021 21:05:26 UTC] PHP Warning:  require(/home/usalvage/public_html/Views/pages/register.php): failed to open stream: No such file or directory in /home/usalvage/public_html/App/Controllers/Controller.php on line 11
[29-Dec-2021 21:05:26 UTC] PHP Warning:  require(/home/usalvage/public_html/Views/pages/register.php): failed to open stream: No such file or directory in /home/usalvage/public_html/App/Controllers/Controller.php on line 11
[29-Dec-2021 21:05:26 UTC] PHP Fatal error:  require(): Failed opening required '/home/usalvage/public_html/Views/pages/register.php' (include_path='.:/opt/cpanel/ea-php73/root/usr/share/pear') in /home/usalvage/public_html/App/Controllers/Controller.php on line 11
[30-Dec-2021 05:05:08 UTC] PHP Warning:  Invalid argument supplied for foreach() in /home/usalvage/public_html/routes/Router.php on line 48
[30-Dec-2021 15:45:46 UTC] PHP Warning:  require(/home/usalvage/public_html/Views/pages/register.php): failed to open stream: No such file or directory in /home/usalvage/public_html/App/Controllers/Controller.php on line 11
[30-Dec-2021 15:45:46 UTC] PHP Warning:  require(/home/usalvage/public_html/Views/pages/register.php): failed to open stream: No such file or directory in /home/usalvage/public_html/App/Controllers/Controller.php on line 11
[30-Dec-2021 15:45:46 UTC] PHP Fatal error:  require(): Failed opening required '/home/usalvage/public_html/Views/pages/register.php' (include_path='.:/opt/cpanel/ea-php73/root/usr/share/pear') in /home/usalvage/public_html/App/Controllers/Controller.php on line 11
[01-Jan-2022 05:05:42 UTC] PHP Warning:  Invalid argument supplied for foreach() in /home/usalvage/public_html/routes/Router.php on line 48
[01-Jan-2022 10:57:30 UTC] PHP Warning:  require(/home/usalvage/public_html/Views/pages/register.php): failed to open stream: No such file or directory in /home/usalvage/public_html/App/Controllers/Controller.php on line 11
[01-Jan-2022 10:57:30 UTC] PHP Warning:  require(/home/usalvage/public_html/Views/pages/register.php): failed to open stream: No such file or directory in /home/usalvage/public_html/App/Controllers/Controller.php on line 11
[01-Jan-2022 10:57:30 UTC] PHP Fatal error:  require(): Failed opening required '/home/usalvage/public_html/Views/pages/register.php' (include_path='.:/opt/cpanel/ea-php73/root/usr/share/pear') in /home/usalvage/public_html/App/Controllers/Controller.php on line 11
[01-Jan-2022 18:50:34 UTC] PHP Warning:  require(/home/usalvage/public_html/Views/pages/register.php): failed to open stream: No such file or directory in /home/usalvage/public_html/App/Controllers/Controller.php on line 11
[01-Jan-2022 18:50:34 UTC] PHP Warning:  require(/home/usalvage/public_html/Views/pages/register.php): failed to open stream: No such file or directory in /home/usalvage/public_html/App/Controllers/Controller.php on line 11
[01-Jan-2022 18:50:34 UTC] PHP Fatal error:  require(): Failed opening required '/home/usalvage/public_html/Views/pages/register.php' (include_path='.:/opt/cpanel/ea-php73/root/usr/share/pear') in /home/usalvage/public_html/App/Controllers/Controller.php on line 11
[01-Jan-2022 22:57:28 UTC] PHP Warning:  Invalid argument supplied for foreach() in /home/usalvage/public_html/routes/Router.php on line 48
[03-Jan-2022 05:05:06 UTC] PHP Warning:  Invalid argument supplied for foreach() in /home/usalvage/public_html/routes/Router.php on line 48
[04-Jan-2022 12:58:22 UTC] PHP Warning:  Invalid argument supplied for foreach() in /home/usalvage/public_html/routes/Router.php on line 48
[05-Jan-2022 05:05:44 UTC] PHP Warning:  Invalid argument supplied for foreach() in /home/usalvage/public_html/routes/Router.php on line 48
[05-Jan-2022 14:34:38 UTC] PHP Warning:  require(/home/usalvage/public_html/Views/pages/register.php): failed to open stream: No such file or directory in /home/usalvage/public_html/App/Controllers/Controller.php on line 11
[05-Jan-2022 14:34:38 UTC] PHP Warning:  require(/home/usalvage/public_html/Views/pages/register.php): failed to open stream: No such file or directory in /home/usalvage/public_html/App/Controllers/Controller.php on line 11
[05-Jan-2022 14:34:38 UTC] PHP Fatal error:  require(): Failed opening required '/home/usalvage/public_html/Views/pages/register.php' (include_path='.:/opt/cpanel/ea-php73/root/usr/share/pear') in /home/usalvage/public_html/App/Controllers/Controller.php on line 11
[05-Jan-2022 19:09:30 UTC] PHP Warning:  require(/home/usalvage/public_html/Views/pages/register.php): failed to open stream: No such file or directory in /home/usalvage/public_html/App/Controllers/Controller.php on line 11
[05-Jan-2022 19:09:30 UTC] PHP Warning:  require(/home/usalvage/public_html/Views/pages/register.php): failed to open stream: No such file or directory in /home/usalvage/public_html/App/Controllers/Controller.php on line 11
[05-Jan-2022 19:09:30 UTC] PHP Fatal error:  require(): Failed opening required '/home/usalvage/public_html/Views/pages/register.php' (include_path='.:/opt/cpanel/ea-php73/root/usr/share/pear') in /home/usalvage/public_html/App/Controllers/Controller.php on line 11
[06-Jan-2022 18:34:14 UTC] PHP Fatal error:  Uncaught Error: Class 'Root\App\Controllers\UserController' not found in /home/usalvage/public_html/routes/Route.php:62
Stack trace:
#0 /home/usalvage/public_html/routes/Router.php(80): Root\routes\Route->execute()
#1 /home/usalvage/public_html/public/index.php(112): Root\routes\Router->run()
#2 {main}
  thrown in /home/usalvage/public_html/routes/Route.php on line 62
[06-Jan-2022 18:34:31 UTC] PHP Fatal error:  Uncaught Error: Class 'Root\App\Controllers\UserController' not found in /home/usalvage/public_html/routes/Route.php:62
Stack trace:
#0 /home/usalvage/public_html/routes/Router.php(80): Root\routes\Route->execute()
#1 /home/usalvage/public_html/public/index.php(112): Root\routes\Router->run()
#2 {main}
  thrown in /home/usalvage/public_html/routes/Route.php on line 62
[06-Jan-2022 18:34:44 UTC] PHP Fatal error:  Uncaught Error: Class 'Root\App\Controllers\UserController' not found in /home/usalvage/public_html/routes/Route.php:62
Stack trace:
#0 /home/usalvage/public_html/routes/Router.php(80): Root\routes\Route->execute()
#1 /home/usalvage/public_html/public/index.php(112): Root\routes\Router->run()
#2 {main}
  thrown in /home/usalvage/public_html/routes/Route.php on line 62
[06-Jan-2022 18:52:45 UTC] PHP Fatal error:  Uncaught Error: Class 'Root\App\Controllers\UserController' not found in /home/usalvage/public_html/routes/Route.php:62
Stack trace:
#0 /home/usalvage/public_html/routes/Router.php(80): Root\routes\Route->execute()
#1 /home/usalvage/public_html/public/index.php(112): Root\routes\Router->run()
#2 {main}
  thrown in /home/usalvage/public_html/routes/Route.php on line 62
[06-Jan-2022 18:53:02 UTC] PHP Fatal error:  Uncaught Error: Class 'Root\App\Controllers\UserController' not found in /home/usalvage/public_html/routes/Route.php:62
Stack trace:
#0 /home/usalvage/public_html/routes/Router.php(80): Root\routes\Route->execute()
#1 /home/usalvage/public_html/public/index.php(112): Root\routes\Router->run()
#2 {main}
  thrown in /home/usalvage/public_html/routes/Route.php on line 62
[06-Jan-2022 18:53:12 UTC] PHP Fatal error:  Uncaught Error: Class 'Root\App\Controllers\UserController' not found in /home/usalvage/public_html/routes/Route.php:62
Stack trace:
#0 /home/usalvage/public_html/routes/Router.php(80): Root\routes\Route->execute()
#1 /home/usalvage/public_html/public/index.php(112): Root\routes\Router->run()
#2 {main}
  thrown in /home/usalvage/public_html/routes/Route.php on line 62
[06-Jan-2022 18:54:57 UTC] PHP Fatal error:  Uncaught Error: Class 'Root\App\Controllers\AdminController' not found in /home/usalvage/public_html/routes/Route.php:62
Stack trace:
#0 /home/usalvage/public_html/routes/Router.php(80): Root\routes\Route->execute()
#1 /home/usalvage/public_html/public/index.php(112): Root\routes\Router->run()
#2 {main}
  thrown in /home/usalvage/public_html/routes/Route.php on line 62
[06-Jan-2022 19:00:00 UTC] PHP Fatal error:  Uncaught Error: Class 'Root\App\Controllers\UserController' not found in /home/usalvage/public_html/routes/Route.php:62
Stack trace:
#0 /home/usalvage/public_html/routes/Router.php(80): Root\routes\Route->execute()
#1 /home/usalvage/public_html/public/index.php(112): Root\routes\Router->run()
#2 {main}
  thrown in /home/usalvage/public_html/routes/Route.php on line 62
[06-Jan-2022 19:00:18 UTC] PHP Fatal error:  Uncaught Error: Class 'Root\App\Controllers\UserController' not found in /home/usalvage/public_html/routes/Route.php:62
Stack trace:
#0 /home/usalvage/public_html/routes/Router.php(80): Root\routes\Route->execute()
#1 /home/usalvage/public_html/public/index.php(112): Root\routes\Router->run()
#2 {main}
  thrown in /home/usalvage/public_html/routes/Route.php on line 62
[06-Jan-2022 19:06:25 UTC] PHP Fatal error:  Uncaught Error: Class 'Root\App\Controllers\UserController' not found in /home/usalvage/public_html/routes/Route.php:62
Stack trace:
#0 /home/usalvage/public_html/routes/Router.php(80): Root\routes\Route->execute()
#1 /home/usalvage/public_html/public/index.php(112): Root\routes\Router->run()
#2 {main}
  thrown in /home/usalvage/public_html/routes/Route.php on line 62
[06-Jan-2022 19:06:37 UTC] PHP Fatal error:  Uncaught Error: Class 'Root\App\Controllers\UserController' not found in /home/usalvage/public_html/routes/Route.php:62
Stack trace:
#0 /home/usalvage/public_html/routes/Router.php(80): Root\routes\Route->execute()
#1 /home/usalvage/public_html/public/index.php(112): Root\routes\Router->run()
#2 {main}
  thrown in /home/usalvage/public_html/routes/Route.php on line 62
[06-Jan-2022 19:06:59 UTC] PHP Fatal error:  Uncaught Error: Class 'Root\App\Controllers\UserController' not found in /home/usalvage/public_html/routes/Route.php:62
Stack trace:
#0 /home/usalvage/public_html/routes/Router.php(80): Root\routes\Route->execute()
#1 /home/usalvage/public_html/public/index.php(112): Root\routes\Router->run()
#2 {main}
  thrown in /home/usalvage/public_html/routes/Route.php on line 62
[06-Jan-2022 19:09:15 UTC] PHP Fatal error:  Uncaught Error: Class 'Root\App\Controllers\UserController' not found in /home/usalvage/public_html/routes/Route.php:62
Stack trace:
#0 /home/usalvage/public_html/routes/Router.php(80): Root\routes\Route->execute()
#1 /home/usalvage/public_html/public/index.php(112): Root\routes\Router->run()
#2 {main}
  thrown in /home/usalvage/public_html/routes/Route.php on line 62
[06-Jan-2022 19:10:11 UTC] PHP Fatal error:  Uncaught Error: Class 'Root\App\Controllers\UserController' not found in /home/usalvage/public_html/routes/Route.php:62
Stack trace:
#0 /home/usalvage/public_html/routes/Router.php(80): Root\routes\Route->execute()
#1 /home/usalvage/public_html/public/index.php(112): Root\routes\Router->run()
#2 {main}
  thrown in /home/usalvage/public_html/routes/Route.php on line 62
[06-Jan-2022 19:10:43 UTC] PHP Fatal error:  Uncaught Error: Call to undefined method Root\App\Controllers\StaticController::politics() in /home/usalvage/public_html/routes/Route.php:64
Stack trace:
#0 /home/usalvage/public_html/routes/Router.php(80): Root\routes\Route->execute()
#1 /home/usalvage/public_html/public/index.php(112): Root\routes\Router->run()
#2 {main}
  thrown in /home/usalvage/public_html/routes/Route.php on line 64
[06-Jan-2022 19:10:51 UTC] PHP Fatal error:  Uncaught Error: Call to undefined method Root\App\Controllers\StaticController::terms() in /home/usalvage/public_html/routes/Route.php:64
Stack trace:
#0 /home/usalvage/public_html/routes/Router.php(80): Root\routes\Route->execute()
#1 /home/usalvage/public_html/public/index.php(112): Root\routes\Router->run()
#2 {main}
  thrown in /home/usalvage/public_html/routes/Route.php on line 64
[06-Jan-2022 19:11:22 UTC] PHP Fatal error:  Uncaught Error: Class 'Root\App\Controllers\UserController' not found in /home/usalvage/public_html/routes/Route.php:62
Stack trace:
#0 /home/usalvage/public_html/routes/Router.php(80): Root\routes\Route->execute()
#1 /home/usalvage/public_html/public/index.php(112): Root\routes\Router->run()
#2 {main}
  thrown in /home/usalvage/public_html/routes/Route.php on line 62
[06-Jan-2022 19:13:30 UTC] PHP Fatal error:  Uncaught Error: Class 'Root\App\Controllers\UserController' not found in /home/usalvage/public_html/routes/Route.php:62
Stack trace:
#0 /home/usalvage/public_html/routes/Router.php(80): Root\routes\Route->execute()
#1 /home/usalvage/public_html/public/index.php(112): Root\routes\Router->run()
#2 {main}
  thrown in /home/usalvage/public_html/routes/Route.php on line 62
[06-Jan-2022 19:13:44 UTC] PHP Fatal error:  Uncaught Error: Class 'Root\App\Controllers\UserController' not found in /home/usalvage/public_html/routes/Route.php:62
Stack trace:
#0 /home/usalvage/public_html/routes/Router.php(80): Root\routes\Route->execute()
#1 /home/usalvage/public_html/public/index.php(112): Root\routes\Router->run()
#2 {main}
  thrown in /home/usalvage/public_html/routes/Route.php on line 62
[06-Jan-2022 19:33:16 UTC] PHP Fatal error:  Uncaught Error: Class 'Root\App\Controllers\UserController' not found in /home/usalvage/public_html/routes/Route.php:62
Stack trace:
#0 /home/usalvage/public_html/routes/Router.php(80): Root\routes\Route->execute()
#1 /home/usalvage/public_html/public/index.php(112): Root\routes\Router->run()
#2 {main}
  thrown in /home/usalvage/public_html/routes/Route.php on line 62
[06-Jan-2022 19:50:28 UTC] PHP Fatal error:  Uncaught Error: Class 'Root\App\Controllers\UserController' not found in /home/usalvage/public_html/routes/Route.php:62
Stack trace:
#0 /home/usalvage/public_html/routes/Router.php(80): Root\routes\Route->execute()
#1 /home/usalvage/public_html/public/index.php(112): Root\routes\Router->run()
#2 {main}
  thrown in /home/usalvage/public_html/routes/Route.php on line 62
[06-Jan-2022 20:54:18 UTC] PHP Fatal error:  Uncaught Error: Class 'Root\App\Controllers\UserController' not found in /home/usalvage/public_html/routes/Route.php:62
Stack trace:
#0 /home/usalvage/public_html/routes/Router.php(80): Root\routes\Route->execute()
#1 /home/usalvage/public_html/public/index.php(112): Root\routes\Router->run()
#2 {main}
  thrown in /home/usalvage/public_html/routes/Route.php on line 62
[06-Jan-2022 22:29:52 UTC] PHP Warning:  Invalid argument supplied for foreach() in /home/usalvage/public_html/routes/Router.php on line 67
[07-Jan-2022 05:05:05 UTC] PHP Warning:  Invalid argument supplied for foreach() in /home/usalvage/public_html/routes/Router.php on line 67
[07-Jan-2022 09:11:09 UTC] PHP Fatal error:  Uncaught Error: Class 'Root\App\Controllers\UserController' not found in /home/usalvage/public_html/routes/Route.php:62
Stack trace:
#0 /home/usalvage/public_html/routes/Router.php(80): Root\routes\Route->execute()
#1 /home/usalvage/public_html/public/index.php(112): Root\routes\Router->run()
#2 {main}
  thrown in /home/usalvage/public_html/routes/Route.php on line 62
[07-Jan-2022 09:19:32 UTC] PHP Fatal error:  Uncaught Error: Class 'Root\App\Controllers\UserController' not found in /home/usalvage/public_html/routes/Route.php:62
Stack trace:
#0 /home/usalvage/public_html/routes/Router.php(80): Root\routes\Route->execute()
#1 /home/usalvage/public_html/public/index.php(112): Root\routes\Router->run()
#2 {main}
  thrown in /home/usalvage/public_html/routes/Route.php on line 62
[07-Jan-2022 09:19:57 UTC] PHP Fatal error:  Uncaught Error: Class 'Root\App\Controllers\UserController' not found in /home/usalvage/public_html/routes/Route.php:62
Stack trace:
#0 /home/usalvage/public_html/routes/Router.php(80): Root\routes\Route->execute()
#1 /home/usalvage/public_html/public/index.php(112): Root\routes\Router->run()
#2 {main}
  thrown in /home/usalvage/public_html/routes/Route.php on line 62
[07-Jan-2022 10:33:40 UTC] PHP Fatal error:  Uncaught Error: Class 'Root\App\Controllers\UserController' not found in /home/usalvage/public_html/routes/Route.php:62
Stack trace:
#0 /home/usalvage/public_html/routes/Router.php(80): Root\routes\Route->execute()
#1 /home/usalvage/public_html/public/index.php(112): Root\routes\Router->run()
#2 {main}
  thrown in /home/usalvage/public_html/routes/Route.php on line 62
[07-Jan-2022 10:33:57 UTC] PHP Fatal error:  Uncaught Error: Class 'Root\App\Controllers\AdminController' not found in /home/usalvage/public_html/routes/Route.php:62
Stack trace:
#0 /home/usalvage/public_html/routes/Router.php(80): Root\routes\Route->execute()
#1 /home/usalvage/public_html/public/index.php(112): Root\routes\Router->run()
#2 {main}
  thrown in /home/usalvage/public_html/routes/Route.php on line 62
[07-Jan-2022 10:34:05 UTC] PHP Fatal error:  Uncaught Error: Class 'Root\App\Controllers\AdminController' not found in /home/usalvage/public_html/routes/Route.php:62
Stack trace:
#0 /home/usalvage/public_html/routes/Router.php(80): Root\routes\Route->execute()
#1 /home/usalvage/public_html/public/index.php(112): Root\routes\Router->run()
#2 {main}
  thrown in /home/usalvage/public_html/routes/Route.php on line 62
[07-Jan-2022 10:34:19 UTC] PHP Fatal error:  Uncaught Error: Class 'Root\App\Controllers\UserController' not found in /home/usalvage/public_html/routes/Route.php:62
Stack trace:
#0 /home/usalvage/public_html/routes/Router.php(80): Root\routes\Route->execute()
#1 /home/usalvage/public_html/public/index.php(112): Root\routes\Router->run()
#2 {main}
  thrown in /home/usalvage/public_html/routes/Route.php on line 62
[07-Jan-2022 10:36:10 UTC] PHP Fatal error:  Uncaught Error: Class 'Root\App\Controllers\AdminController' not found in /home/usalvage/public_html/routes/Route.php:62
Stack trace:
#0 /home/usalvage/public_html/routes/Router.php(80): Root\routes\Route->execute()
#1 /home/usalvage/public_html/public/index.php(112): Root\routes\Router->run()
#2 {main}
  thrown in /home/usalvage/public_html/routes/Route.php on line 62
[07-Jan-2022 11:33:00 UTC] PHP Fatal error:  Uncaught Error: Call to undefined method Root\App\Controllers\StaticController::politics() in /home/usalvage/public_html/routes/Route.php:64
Stack trace:
#0 /home/usalvage/public_html/routes/Router.php(80): Root\routes\Route->execute()
#1 /home/usalvage/public_html/public/index.php(112): Root\routes\Router->run()
#2 {main}
  thrown in /home/usalvage/public_html/routes/Route.php on line 64
[07-Jan-2022 11:33:09 UTC] PHP Fatal error:  Uncaught Error: Call to undefined method Root\App\Controllers\StaticController::security() in /home/usalvage/public_html/routes/Route.php:64
Stack trace:
#0 /home/usalvage/public_html/routes/Router.php(80): Root\routes\Route->execute()
#1 /home/usalvage/public_html/public/index.php(112): Root\routes\Router->run()
#2 {main}
  thrown in /home/usalvage/public_html/routes/Route.php on line 64
[07-Jan-2022 11:37:48 UTC] PHP Fatal error:  Uncaught Error: Class 'Root\App\Controllers\UserController' not found in /home/usalvage/public_html/routes/Route.php:62
Stack trace:
#0 /home/usalvage/public_html/routes/Router.php(80): Root\routes\Route->execute()
#1 /home/usalvage/public_html/public/index.php(112): Root\routes\Router->run()
#2 {main}
  thrown in /home/usalvage/public_html/routes/Route.php on line 62
[07-Jan-2022 11:54:45 UTC] PHP Fatal error:  Uncaught Error: Class 'Root\App\Controllers\UserController' not found in /home/usalvage/public_html/routes/Route.php:62
Stack trace:
#0 /home/usalvage/public_html/routes/Router.php(80): Root\routes\Route->execute()
#1 /home/usalvage/public_html/public/index.php(112): Root\routes\Router->run()
#2 {main}
  thrown in /home/usalvage/public_html/routes/Route.php on line 62
[07-Jan-2022 12:54:15 UTC] PHP Fatal error:  Uncaught Error: Class 'Root\App\Controllers\UserController' not found in /home/usalvage/public_html/routes/Route.php:62
Stack trace:
#0 /home/usalvage/public_html/routes/Router.php(80): Root\routes\Route->execute()
#1 /home/usalvage/public_html/public/index.php(112): Root\routes\Router->run()
#2 {main}
  thrown in /home/usalvage/public_html/routes/Route.php on line 62
